<?xml version="1.0" encoding="UTF-8"?>
<testng-results skipped="0" failed="0" ignored="0" total="2" passed="2">
  <reporter-output>
  </reporter-output>
  <suite name="Default suite" duration-ms="58808" started-at="2021-09-07T17:19:56Z" finished-at="2021-09-07T17:20:54Z">
    <groups>
    </groups>
    <test name="Default test" duration-ms="58808" started-at="2021-09-07T17:19:56Z" finished-at="2021-09-07T17:20:54Z">
      <class name="testcase.Login">
        <test-method status="PASS" signature="browserLaunch()[pri:0, instance:testcase.Login@7ee955a8]" name="browserLaunch" is-config="true" duration-ms="11430" started-at="2021-09-07T17:19:56Z" finished-at="2021-09-07T17:20:07Z">
          <reporter-output>
          </reporter-output>
        </test-method> <!-- browserLaunch -->
        <test-method status="PASS" signature="testcase1()[pri:0, instance:testcase.Login@7ee955a8]" name="testcase1" duration-ms="7826" started-at="2021-09-07T17:20:07Z" finished-at="2021-09-07T17:20:15Z">
          <reporter-output>
          </reporter-output>
        </test-method> <!-- testcase1 -->
        <test-method status="PASS" signature="tearDown()[pri:0, instance:testcase.Login@7ee955a8]" name="tearDown" is-config="true" duration-ms="179" started-at="2021-09-07T17:20:15Z" finished-at="2021-09-07T17:20:15Z">
          <reporter-output>
          </reporter-output>
        </test-method> <!-- tearDown -->
        <test-method status="PASS" signature="browserLaunch()[pri:0, instance:testcase.Login@7ee955a8]" name="browserLaunch" is-config="true" duration-ms="13449" started-at="2021-09-07T17:20:15Z" finished-at="2021-09-07T17:20:29Z">
          <reporter-output>
          </reporter-output>
        </test-method> <!-- browserLaunch -->
        <test-method status="PASS" signature="testcase2()[pri:0, instance:testcase.Login@7ee955a8]" name="testcase2" duration-ms="25708" started-at="2021-09-07T17:20:29Z" finished-at="2021-09-07T17:20:54Z">
          <reporter-output>
          </reporter-output>
        </test-method> <!-- testcase2 -->
        <test-method status="PASS" signature="tearDown()[pri:0, instance:testcase.Login@7ee955a8]" name="tearDown" is-config="true" duration-ms="177" started-at="2021-09-07T17:20:54Z" finished-at="2021-09-07T17:20:54Z">
          <reporter-output>
          </reporter-output>
        </test-method> <!-- tearDown -->
      </class> <!-- testcase.Login -->
    </test> <!-- Default test -->
  </suite> <!-- Default suite -->
</testng-results>
