<?xml version="1.0" encoding="UTF-8"?>
<testng-results skipped="0" failed="0" ignored="0" total="2" passed="2">
  <reporter-output>
  </reporter-output>
  <suite name="Default suite" duration-ms="75584" started-at="2021-09-08T07:35:28Z" finished-at="2021-09-08T07:36:44Z">
    <groups>
    </groups>
    <test name="Default test" duration-ms="75584" started-at="2021-09-08T07:35:28Z" finished-at="2021-09-08T07:36:44Z">
      <class name="testcase.Login">
        <test-method status="PASS" signature="browserLaunch()[pri:0, instance:testcase.Login@7ee955a8]" name="browserLaunch" is-config="true" duration-ms="27258" started-at="2021-09-08T07:35:28Z" finished-at="2021-09-08T07:35:56Z">
          <reporter-output>
          </reporter-output>
        </test-method> <!-- browserLaunch -->
        <test-method status="PASS" signature="testcase1()[pri:0, instance:testcase.Login@7ee955a8]" name="testcase1" duration-ms="5720" started-at="2021-09-08T07:35:56Z" finished-at="2021-09-08T07:36:01Z">
          <reporter-output>
          </reporter-output>
        </test-method> <!-- testcase1 -->
        <test-method status="PASS" signature="tearDown()[pri:0, instance:testcase.Login@7ee955a8]" name="tearDown" is-config="true" duration-ms="1205" started-at="2021-09-08T07:36:01Z" finished-at="2021-09-08T07:36:02Z">
          <reporter-output>
          </reporter-output>
        </test-method> <!-- tearDown -->
        <test-method status="PASS" signature="browserLaunch()[pri:0, instance:testcase.Login@7ee955a8]" name="browserLaunch" is-config="true" duration-ms="16370" started-at="2021-09-08T07:36:02Z" finished-at="2021-09-08T07:36:19Z">
          <reporter-output>
          </reporter-output>
        </test-method> <!-- browserLaunch -->
        <test-method status="PASS" signature="testcase2()[pri:0, instance:testcase.Login@7ee955a8]" name="testcase2" duration-ms="23768" started-at="2021-09-08T07:36:19Z" finished-at="2021-09-08T07:36:43Z">
          <reporter-output>
          </reporter-output>
        </test-method> <!-- testcase2 -->
        <test-method status="PASS" signature="tearDown()[pri:0, instance:testcase.Login@7ee955a8]" name="tearDown" is-config="true" duration-ms="1220" started-at="2021-09-08T07:36:43Z" finished-at="2021-09-08T07:36:44Z">
          <reporter-output>
          </reporter-output>
        </test-method> <!-- tearDown -->
      </class> <!-- testcase.Login -->
    </test> <!-- Default test -->
  </suite> <!-- Default suite -->
</testng-results>
